<?xml version="1.0" encoding="utf-8"?><testsuites name="pytest tests"><testsuite name="pytest" errors="0" failures="0" skipped="0" tests="16" time="4.755" timestamp="2026-07-20T08:27:27.122650+00:00" hostname="agent-env-3ff77e10-ae6b-4cc8-a419-1c801b4a1eb8"><testcase classname="tests.test_new_features.TestSetup" name="test_admin_login" time="0.454" /><testcase classname="tests.test_new_features.TestSetup" name="test_landlord_register" time="0.284" /><testcase classname="tests.test_new_features.TestSetup" name="test_seed_applicant" time="0.852" /><testcase classname="tests.test_new_features.TestPartners" name="test_admin_get_partners_ok" time="0.046" /><testcase classname="tests.test_new_features.TestPartners" name="test_admin_get_partners_forbidden_for_landlord" time="0.047" /><testcase classname="tests.test_new_features.TestPartners" name="test_admin_get_partners_forbidden_for_applicant" time="0.046" /><testcase classname="tests.test_new_features.TestPartners" name="test_admin_put_partners_forbidden_for_non_admin" time="0.046" /><testcase classname="tests.test_new_features.TestPartners" name="test_admin_put_partners_and_public_visibility" time="0.182" /><testcase classname="tests.test_new_features.TestMaintenance" name="test_maintenance_run_admin_ok" time="0.046" /><testcase classname="tests.test_new_features.TestMaintenance" name="test_maintenance_run_forbidden_for_landlord" time="0.044" /><testcase classname="tests.test_new_features.TestMaintenance" name="test_maintenance_run_forbidden_for_applicant" time="0.055" /><testcase classname="tests.test_new_features.TestMaintenance" name="test_maintenance_run_requires_auth" time="0.120" /><testcase classname="tests.test_new_features.TestPremiumCheckout" name="test_premium_checkout_applicant" time="0.766" /><testcase classname="tests.test_new_features.TestPremiumCheckout" name="test_premium_checkout_landlord_allowed" time="0.810" /><testcase classname="tests.test_new_features.TestPremiumCheckout" name="test_premium_checkout_400_if_already_premium" time="0.809" /><testcase classname="tests.test_new_features.TestPremiumCheckout" name="test_premium_checkout_requires_auth" time="0.097" /></testsuite></testsuites>