<?xml version="1.0" encoding="utf-8"?><testsuites name="pytest tests"><testsuite name="pytest" errors="0" failures="0" skipped="0" tests="42" time="6.859" timestamp="2026-07-20T06:13:26.867800+00:00" hostname="agent-env-3ff77e10-ae6b-4cc8-a419-1c801b4a1eb8"><testcase classname="tests.backend_test.TestHealth" name="test_health" time="0.159" /><testcase classname="tests.backend_test.TestHealth" name="test_plans_seeded" time="0.044" /><testcase classname="tests.backend_test.TestAuth" name="test_register_landlord" time="0.269" /><testcase classname="tests.backend_test.TestAuth" name="test_login_landlord" time="0.268" /><testcase classname="tests.backend_test.TestAuth" name="test_login_invalid" time="0.267" /><testcase classname="tests.backend_test.TestAuth" name="test_me" time="0.045" /><testcase classname="tests.backend_test.TestAuth" name="test_admin_login" time="0.267" /><testcase classname="tests.backend_test.TestProperties" name="test_create_property" time="0.045" /><testcase classname="tests.backend_test.TestProperties" name="test_get_property" time="0.046" /><testcase classname="tests.backend_test.TestProperties" name="test_plan_limit_enforcement" time="0.046" /><testcase classname="tests.backend_test.TestProperties" name="test_link_toggle" time="0.089" /><testcase classname="tests.backend_test.TestProperties" name="test_link_regenerate" time="0.043" /><testcase classname="tests.backend_test.TestPublicApplication" name="test_public_property" time="0.044" /><testcase classname="tests.backend_test.TestPublicApplication" name="test_public_apply_rejects_no_consent" time="0.042" /><testcase classname="tests.backend_test.TestPublicApplication" name="test_public_apply_ok" time="0.261" /><testcase classname="tests.backend_test.TestApplications" name="test_list_with_matching_score" time="0.047" /><testcase classname="tests.backend_test.TestApplications" name="test_update_status" time="0.180" /><testcase classname="tests.backend_test.TestApplications" name="test_update_status_invalid" time="0.043" /><testcase classname="tests.backend_test.TestApplications" name="test_update_app_meta" time="0.085" /><testcase classname="tests.backend_test.TestApplicantAndDocuments" name="test_activate_applicant" time="0.572" /><testcase classname="tests.backend_test.TestApplicantAndDocuments" name="test_document_upload_authenticated" time="0.329" /><testcase classname="tests.backend_test.TestApplicantAndDocuments" name="test_public_document_upload" time="0.260" /><testcase classname="tests.backend_test.TestApplicantAndDocuments" name="test_download_requires_auth" time="0.096" /><testcase classname="tests.backend_test.TestApplicantAndDocuments" name="test_download_owner_ok" time="0.294" /><testcase classname="tests.backend_test.TestApplicantAndDocuments" name="test_download_via_query_token" time="0.261" /><testcase classname="tests.backend_test.TestApplicantAndDocuments" name="test_download_forbidden_other_user" time="0.375" /><testcase classname="tests.backend_test.TestViewings" name="test_create_viewing" time="0.044" /><testcase classname="tests.backend_test.TestViewings" name="test_invite_applicant" time="0.046" /><testcase classname="tests.backend_test.TestViewings" name="test_my_viewings" time="0.045" /><testcase classname="tests.backend_test.TestViewings" name="test_respond_viewing" time="0.043" /><testcase classname="tests.backend_test.TestMessaging" name="test_send_message_landlord" time="0.054" /><testcase classname="tests.backend_test.TestMessaging" name="test_get_messages" time="0.047" /><testcase classname="tests.backend_test.TestMessaging" name="test_notifications" time="0.088" /><testcase classname="tests.backend_test.TestDashboard" name="test_dashboard" time="0.047" /><testcase classname="tests.backend_test.TestPayments" name="test_checkout" time="0.916" /><testcase classname="tests.backend_test.TestAdmin" name="test_admin_stats" time="0.049" /><testcase classname="tests.backend_test.TestAdmin" name="test_admin_users" time="0.048" /><testcase classname="tests.backend_test.TestAdmin" name="test_admin_block_unblock" time="0.660" /><testcase classname="tests.backend_test.TestAdmin" name="test_admin_orgs" time="0.047" /><testcase classname="tests.backend_test.TestAdmin" name="test_admin_update_plan" time="0.044" /><testcase classname="tests.backend_test.TestAdmin" name="test_admin_create_promotion" time="0.053" /><testcase classname="tests.backend_test.TestAdmin" name="test_cleanup_promotion" time="0.043" /></testsuite></testsuites>