<?xml version="1.0" encoding="utf-8"?><testsuites name="pytest tests"><testsuite name="pytest" errors="0" failures="0" skipped="0" tests="28" time="5.573" timestamp="2026-07-20T08:55:38.725298+00:00" hostname="agent-env-3ff77e10-ae6b-4cc8-a419-1c801b4a1eb8"><testcase classname="tests.test_email_wiring.TestSetup" name="test_register_landlord" time="0.337" /><testcase classname="tests.test_email_wiring.TestSetup" name="test_create_property" time="0.044" /><testcase classname="tests.test_email_wiring.TestSetup" name="test_public_apply_creates_applicant_and_returns_200" time="0.414" /><testcase classname="tests.test_email_wiring.TestSetup" name="test_activate_applicant_and_login" time="0.530" /><testcase classname="tests.test_email_wiring.TestApplicationStatusEmail" name="test_patch_status_pruefung_200" time="0.202" /><testcase classname="tests.test_email_wiring.TestApplicationStatusEmail" name="test_patch_status_interessant_200" time="0.222" /><testcase classname="tests.test_email_wiring.TestApplicationStatusEmail" name="test_patch_status_zusage_200" time="0.220" /><testcase classname="tests.test_email_wiring.TestApplicationStatusEmail" name="test_patch_status_persisted" time="0.081" /><testcase classname="tests.test_email_wiring.TestApplicationStatusEmail" name="test_patch_status_invalid_400" time="0.080" /><testcase classname="tests.test_email_wiring.TestViewingSingle" name="test_create_viewing_single" time="0.042" /><testcase classname="tests.test_email_wiring.TestViewingSingle" name="test_invite_returns_200_and_participants" time="0.413" /><testcase classname="tests.test_email_wiring.TestViewingSingle" name="test_invite_sets_application_status_besichtigung" time="0.045" /><testcase classname="tests.test_email_wiring.TestViewingSingle" name="test_respond_confirm_200" time="0.201" /><testcase classname="tests.test_email_wiring.TestViewingSingle" name="test_respond_reschedule_200" time="0.201" /><testcase classname="tests.test_email_wiring.TestViewingSingle" name="test_respond_decline_200" time="0.239" /><testcase classname="tests.test_email_wiring.TestViewingSingle" name="test_respond_not_invited_403" time="0.165" /><testcase classname="tests.test_email_wiring.TestViewingSingle" name="test_delete_viewing_with_participants_200" time="0.239" /><testcase classname="tests.test_email_wiring.TestViewingSlots" name="test_create_slot_viewing" time="0.044" /><testcase classname="tests.test_email_wiring.TestViewingSlots" name="test_invite_to_slot_viewing" time="0.217" /><testcase classname="tests.test_email_wiring.TestViewingSlots" name="test_book_slot_200" time="0.208" /><testcase classname="tests.test_email_wiring.TestViewingSlots" name="test_book_slot_rebook_switches_slot_200" time="0.189" /><testcase classname="tests.test_email_wiring.TestViewingSlots" name="test_book_slot_wrong_type_400" time="0.557" /><testcase classname="tests.test_email_wiring.TestRegression" name="test_health" time="0.039" /><testcase classname="tests.test_email_wiring.TestRegression" name="test_login_still_works" time="0.267" /><testcase classname="tests.test_email_wiring.TestRegression" name="test_property_list" time="0.042" /><testcase classname="tests.test_email_wiring.TestRegression" name="test_property_update" time="0.125" /><testcase classname="tests.test_email_wiring.TestRegression" name="test_application_list_by_property" time="0.043" /><testcase classname="tests.test_email_wiring.TestRegression" name="test_viewing_create_still_works" time="0.087" /></testsuite></testsuites>